<?xml version="1.0" encoding="UTF-8"?>
<!-- Generated by org.testng.reporters.JUnitReportReporter -->
<testsuite skipped="0" hostname="EEEPC0549" name="RestAssuredProject.RestAssuredProject.Test01_Get" tests="1" failures="0" timestamp="2021-02-20T18:04:58 IST" time="8.741" errors="0">
  <testcase name="test_01" time="8.741" classname="RestAssuredProject.RestAssuredProject.Test01_Get"/>
  <system-out/>
</testsuite> <!-- RestAssuredProject.RestAssuredProject.Test01_Get -->
